<?xml version="1.0" encoding="UTF-8"?>
<testsuite name="com.logitopia.jmortar.core.sort.SortPerformanceTest" tests="2" skipped="0" failures="0" errors="0" timestamp="2019-09-24T20:51:10" hostname="DESKTOP-2PUINBP" time="0.054">
  <properties/>
  <testcase name="testBubbleSortPerformance" classname="com.logitopia.jmortar.core.sort.SortPerformanceTest" time="0.03"/>
  <testcase name="testSelectionSortPerformance" classname="com.logitopia.jmortar.core.sort.SortPerformanceTest" time="0.024"/>
  <system-out><![CDATA[Sort took 27 MilliSeconds
Sort took 23 MilliSeconds
]]></system-out>
  <system-err><![CDATA[]]></system-err>
</testsuite>
