<?xml version="1.0" encoding="UTF-8"?>
<testsuite name="com.logitopia.jmortar.core.sort.SelectionSortUnitTest" tests="1" skipped="0" failures="0" errors="0" timestamp="2019-09-24T20:51:10" hostname="DESKTOP-2PUINBP" time="0.0">
  <properties/>
  <testcase name="testBasicSuccess" classname="com.logitopia.jmortar.core.sort.SelectionSortUnitTest" time="0.0"/>
  <system-out><![CDATA[]]></system-out>
  <system-err><![CDATA[]]></system-err>
</testsuite>
